<?xml version="1.0" encoding="UTF-8" standalone="no"?>
<testsuite failures="0" name="cucumber.runtime.formatter.JUnitFormatter" skipped="0" tests="1" time="291.892939">
<testcase classname="Facebook login" name="login to facebook" time="291.892939">
<system-out><![CDATA[Given user opens browser....................................................passed
Then user is on login page..................................................passed
Then user enters username and password......................................passed
Then home page is displayed.................................................passed
]]></system-out>
</testcase>
</testsuite>
